%このファイルは日本語文字を含みます.
\BOOKMARK [0][]{chapter*.1}{\376\377\151\202\211\201}{}% 1
\BOOKMARK [0][]{chapter.1}{\376\377\173\054\0001\172\340\000\040\136\217\212\326}{}% 2
\BOOKMARK [1][]{section.1.1}{\376\377\0001\000.\0001\000\040\147\054\212\326\145\207\060\156\200\314\146\157\060\150\166\356\166\204}{chapter.1}% 3
\BOOKMARK [1][]{section.1.2}{\376\377\0001\000.\0002\000\040\147\054\212\326\145\207\060\156\151\313\142\020}{chapter.1}% 4
\BOOKMARK [0][]{chapter.2}{\376\377\173\054\0002\172\340\000\040\225\242\220\043\170\024\172\166}{}% 5
\BOOKMARK [1][]{section.2.1}{\376\377\0002\000.\0001\000\040\060\157\060\130\060\201\060\153}{chapter.2}% 6
\BOOKMARK [1][]{section.2.2}{\376\377\0002\000.\0002\000\040\060\242\060\313\060\341\060\374\060\267\060\347\060\363\122\066\117\134\060\156\060\307\060\374\060\277\204\304\172\115\060\150\155\073\165\050\145\271\154\325\060\156\163\376\162\266}{chapter.2}% 7
\BOOKMARK [2][]{subsection.2.2.1}{\376\377\0002\000.\0002\000.\0001\000\040\060\242\060\313\060\341\060\374\060\267\060\347\060\363\060\242\060\374\060\253\060\244\060\326\060\156\163\376\162\266\0002\0000\0001\0007\000y\000a\000m\000a\000k\000a\000w\000a}{section.2.2}% 8
\BOOKMARK [2][]{subsection.2.2.2}{\376\377\0002\000.\0002\000.\0002\000\040\060\242\060\244\060\307\060\242\060\275\060\363\060\153\060\210\060\213\060\242\060\313\060\341\060\374\060\267\060\347\060\363\116\055\225\223\165\037\142\020\162\151\060\156\155\073\165\050\123\357\200\375\140\047\060\156\151\034\212\016\000m\000a\000t\000s\000u\000s\000h\000i\000t\000a}{section.2.2}% 9
\BOOKMARK [2][]{subsection.2.2.3}{\376\377\0002\000.\0002\000.\0003\000\040\156\025\116\012\060\211\060\156\060\242\060\313\060\341\117\032\171\076\060\156\212\277\147\373\000f\000u\000c\000c\000i}{section.2.2}% 10
\BOOKMARK [1][]{section.2.3}{\376\377\0002\000.\0003\000\040\060\242\060\313\060\341\060\374\060\267\060\347\060\363\122\066\117\134\060\153\060\112\060\121\060\213\060\307\060\374\060\277\173\241\164\006\165\050\060\304\060\374\060\353}{chapter.2}% 11
\BOOKMARK [2][]{subsection.2.3.1}{\376\377\0002\000.\0003\000.\0001\000\040\000f\000l\000o\000w\000\040\000p\000r\000o\000d\000u\000c\000t\000i\000o\000n\000\040\000t\000r\000a\000c\000k\000i\000n\000g\000\050\145\347\000s\000h\000o\000t\000\040\000g\000r\000i\000d\000\051\000s\000h\000o\000t\000g\000r\000i\000d}{section.2.3}% 12
\BOOKMARK [2][]{subsection.2.3.2}{\376\377\0002\000.\0003\000.\0002\000\040\000s\000a\000v\000e\000\040\000p\000o\000i\000n\000t\000s\000a\000v\000e\000p\000o\000i\000n\000t}{section.2.3}% 13
\BOOKMARK [2][]{subsection.2.3.3}{\376\377\0002\000.\0003\000.\0003\000\040\000H\000i\000e\000r\000o\000h\000i\000e\000r\000o}{section.2.3}% 14
\BOOKMARK [2][]{subsection.2.3.4}{\376\377\0002\000.\0003\000.\0004\000\040\060\242\060\313\060\257\060\355\000a\000n\000i\000k\000u\000r\000o}{section.2.3}% 15
\BOOKMARK [2][]{subsection.2.3.5}{\376\377\0002\000.\0003\000.\0005\000\040\000O\000L\000M\000\040\000F\000M\000\040\000t\000o\000o\000l\000o\000l\000m\000f\000m\000t\000o\000o\000l}{section.2.3}% 16
\BOOKMARK [2][]{subsection.2.3.6}{\376\377\0002\000.\0003\000.\0006\000\040\000R\000e\000d\000m\000i\000n\000e\000r\000e\000d\000m\000i\000n\000e}{section.2.3}% 17
\BOOKMARK [2][]{subsection.2.3.7}{\376\377\0002\000.\0003\000.\0007\000\040\150\052\137\017\117\032\171\076\060\265\060\363\060\270\060\262\060\363\060\156\122\066\117\134\173\241\164\006\060\304\060\374\060\353\000s\000a\000n\000n\000j\000i\000g\000e\000n\000n}{section.2.3}% 18
\BOOKMARK [1][]{section.2.4}{\376\377\0002\000.\0004\000\040\060\242\060\313\060\341\060\374\060\267\060\347\060\363\060\156\116\055\225\223\165\037\142\020\162\151\060\156\204\304\172\115\060\153\225\242\060\131\060\213\170\024\172\166}{chapter.2}% 19
\BOOKMARK [2][]{subsection.2.4.1}{\376\377\0002\000.\0004\000.\0001\000\040\145\260\157\137\131\047\133\146\060\242\060\313\060\341\116\055\225\223\175\040\147\120\060\307\060\374\060\277\060\331\060\374\060\271\000A\000I\000M\000D\000B\000a\000i\000m\000d\000b}{section.2.4}% 20
\BOOKMARK [2][]{subsect